#
# There is insufficient memory for the Java Runtime Environment to continue.
# Native memory allocation (mmap) failed to map 266338304 bytes for Failed to commit area from 0x0000000703a00000 to 0x0000000713800000 of length 266338304.
# Possible reasons:
#   The system is out of physical RAM or swap space
#   The process is running with CompressedOops enabled, and the Java Heap may be blocking the growth of the native heap
# Possible solutions:
#   Reduce memory load on the system
#   Increase physical memory or swap space
#   Check if swap backing store is full
#   Decrease Java heap size (-Xmx/-Xms)
#   Decrease number of Java threads
#   Decrease Java thread stack sizes (-Xss)
#   Set larger code cache with -XX:ReservedCodeCacheSize=
# This output file may be truncated or incomplete.
#
#  Out of Memory Error (./open/src/hotspot/os/windows/os_windows.cpp:3293), pid=15988, tid=12820
#
# JRE version:  (11.0.20+9) (build )
# Java VM: Java HotSpot(TM) 64-Bit Server VM (11.0.20+9-LTS-256, mixed mode, sharing, tiered, compressed oops, g1 gc, windows-amd64)
# No core dump will be written. Minidumps are not enabled by default on client versions of Windows
#

---------------  S U M M A R Y ------------

Command Line: -Dfile.encoding=Cp1252 binary

Host: 11th Gen Intel(R) Core(TM) i5-1135G7 @ 2.40GHz, 8 cores, 15G,  Windows 11 , 64 bit Build 22621 (10.0.22621.3527)
Time: Mon Jun 17 12:54:31 2024 India Standard Time elapsed time: 0.125574 seconds (0d 0h 0m 0s)

---------------  T H R E A D  ---------------

Current thread (0x0000013dbac9d800):  JavaThread "Unknown thread" [_thread_in_vm, id=12820, stack(0x00000023b9100000,0x00000023b9200000)]

Stack: [0x00000023b9100000,0x00000023b9200000]
Native frames: (J=compiled Java code, j=interpreted, Vv=VM code, C=native code)
V  [jvm.dll+0x6602ba]
V  [jvm.dll+0x7a32af]
V  [jvm.dll+0x7a4979]
V  [jvm.dll+0x7a5013]
V  [jvm.dll+0x258ef5]
V  [jvm.dll+0x65d619]
V  [jvm.dll+0x652375]
V  [jvm.dll+0x31359d]
V  [jvm.dll+0x313402]
V  [jvm.dll+0x318036]
V  [jvm.dll+0x360130]
V  [jvm.dll+0x35fba2]
V  [jvm.dll+0x2eec28]
V  [jvm.dll+0x2efd35]
V  [jvm.dll+0x77c327]
V  [jvm.dll+0x77dc0f]
V  [jvm.dll+0x36d3d9]
V  [jvm.dll+0x760d0f]
V  [jvm.dll+0x3df467]
V  [jvm.dll+0x3e1511]
C  [jli.dll+0x52e7]
C  [ucrtbase.dll+0x29333]
C  [KERNEL32.DLL+0x1257d]
C  [ntdll.dll+0x5aa48]


---------------  P R O C E S S  ---------------

Threads class SMR info:
_java_thread_list=0x0000013db8b81a00, length=0, elements={
}

Java Threads: ( => current thread )

Other Threads:
  0x0000013dbacb1800 GCTaskThread "GC Thread#0" [stack: 0x00000023b9200000,0x00000023b9300000] [id=6824]
  0x0000013dbad0b800 ConcurrentGCThread "G1 Main Marker" [stack: 0x00000023b9300000,0x00000023b9400000] [id=10476]
  0x0000013dbad0d000 ConcurrentGCThread "G1 Conc#0" [stack: 0x00000023b9400000,0x00000023b9500000] [id=1948]

[error occurred during error reporting (printing all threads), id 0xc0000005, EXCEPTION_ACCESS_VIOLATION (0xc0000005) at pc=0x00007fff5818f6e7]

VM state:not at safepoint (not fully initialized)

VM Mutex/Monitor currently owned by a thread:  ([mutex/lock_event])
[0x0000013dbac99150] Heap_lock - owner thread: 0x0000013dbac9d800

Heap address: 0x0000000703a00000, size: 4038 MB, Compressed Oops mode: Non-zero based: 0x0000000703a00000
Narrow klass base: 0x0000000000000000, Narrow klass shift: 0

GC Heap History (0 events):
No events

Deoptimization events (0 events):
No events

Classes redefined (0 events):
No events

Internal exceptions (0 events):
No events

Events (0 events):
No events


Dynamic libraries:
0x00007ff7d0ed0000 - 0x00007ff7d0ee0000 	C:\Program Files\Java\jdk-11\bin\javaw.exe
0x00007ff825d50000 - 0x00007ff825f67000 	C:\WINDOWS\SYSTEM32\ntdll.dll
0x00007ff824900000 - 0x00007ff8249c4000 	C:\WINDOWS\System32\KERNEL32.DLL
0x00007ff823460000 - 0x00007ff823807000 	C:\WINDOWS\System32\KERNELBASE.dll
0x00007ff823130000 - 0x00007ff823241000 	C:\WINDOWS\System32\ucrtbase.dll
0x00007fffff030000 - 0x00007fffff049000 	C:\Program Files\Java\jdk-11\bin\jli.dll
0x00007ff8250b0000 - 0x00007ff825162000 	C:\WINDOWS\System32\ADVAPI32.dll
0x00007ff824b80000 - 0x00007ff824c27000 	C:\WINDOWS\System32\msvcrt.dll
0x00007ff825790000 - 0x00007ff825838000 	C:\WINDOWS\System32\sechost.dll
0x00007ff823a50000 - 0x00007ff823a78000 	C:\WINDOWS\System32\bcrypt.dll
0x00007ff824a60000 - 0x00007ff824b75000 	C:\WINDOWS\System32\RPCRT4.dll
0x00007ff823b20000 - 0x00007ff823cce000 	C:\WINDOWS\System32\USER32.dll
0x00007ff823890000 - 0x00007ff8238b6000 	C:\WINDOWS\System32\win32u.dll
0x00007ff823cd0000 - 0x00007ff823cf9000 	C:\WINDOWS\System32\GDI32.dll
0x00007ff8238c0000 - 0x00007ff8239d9000 	C:\WINDOWS\System32\gdi32full.dll
0x00007ff8233c0000 - 0x00007ff82345a000 	C:\WINDOWS\System32\msvcp_win.dll
0x00007ffffdb70000 - 0x00007ffffdb8b000 	C:\Program Files\Java\jdk-11\bin\VCRUNTIME140.dll
0x00007ff8001b0000 - 0x00007ff800443000 	C:\WINDOWS\WinSxS\amd64_microsoft.windows.common-controls_6595b64144ccf1df_6.0.22621.3527_none_270e469b73872a76\COMCTL32.dll
0x00007ff817850000 - 0x00007ff81785a000 	C:\WINDOWS\SYSTEM32\VERSION.dll
0x00007ff825430000 - 0x00007ff825461000 	C:\WINDOWS\System32\IMM32.DLL
0x00007ff81e270000 - 0x00007ff81e27c000 	C:\Program Files\Java\jdk-11\bin\vcruntime140_1.dll
0x00007ffffa2a0000 - 0x00007ffffa32e000 	C:\Program Files\Java\jdk-11\bin\msvcp140.dll
0x00007fff57e90000 - 0x00007fff589fd000 	C:\Program Files\Java\jdk-11\bin\server\jvm.dll
0x00007ff825ca0000 - 0x00007ff825ca8000 	C:\WINDOWS\System32\PSAPI.DLL
0x00007ffff4600000 - 0x00007ffff4609000 	C:\WINDOWS\SYSTEM32\WSOCK32.dll
0x00007ff823aa0000 - 0x00007ff823b11000 	C:\WINDOWS\System32\WS2_32.dll
0x00007ff817cc0000 - 0x00007ff817cf4000 	C:\WINDOWS\SYSTEM32\WINMM.dll
0x00007ff822180000 - 0x00007ff822198000 	C:\WINDOWS\SYSTEM32\kernel.appcore.dll
0x00007ffffb810000 - 0x00007ffffb820000 	C:\Program Files\Java\jdk-11\bin\verify.dll
0x00007ff820370000 - 0x00007ff8205a2000 	C:\WINDOWS\SYSTEM32\DBGHELP.DLL
0x00007ff8258a0000 - 0x00007ff825c28000 	C:\WINDOWS\System32\combase.dll
0x00007ff825630000 - 0x00007ff825707000 	C:\WINDOWS\System32\OLEAUT32.dll
0x00007ffffa5e0000 - 0x00007ffffa612000 	C:\WINDOWS\SYSTEM32\dbgcore.DLL
0x00007ff823810000 - 0x00007ff823889000 	C:\WINDOWS\System32\bcryptPrimitives.dll
0x00007ffffb7e0000 - 0x00007ffffb808000 	C:\Program Files\Java\jdk-11\bin\java.dll
0x00007ffffa6f0000 - 0x00007ffffa6fa000 	C:\Program Files\Java\jdk-11\bin\jimage.dll
0x00007ffffa540000 - 0x00007ffffa557000 	C:\Program Files\Java\jdk-11\bin\zip.dll

dbghelp: loaded successfully - version: 4.0.5 - missing functions: none
symbol engine: initialized successfully - sym options: 0x614 - pdb path: .;C:\Program Files\Java\jdk-11\bin;C:\WINDOWS\SYSTEM32;C:\WINDOWS\WinSxS\amd64_microsoft.windows.common-controls_6595b64144ccf1df_6.0.22621.3527_none_270e469b73872a76;C:\Program Files\Java\jdk-11\bin\server

VM Arguments:
jvm_args: -Dfile.encoding=Cp1252 
java_command: binary
java_class_path (initial): C:\Users\Admin\OneDrive\Desktop\Sunbeam Push\Dsa push\Question3\bin
Launcher Type: SUN_STANDARD

[Global flags]
     intx CICompilerCount                          = 4                                         {product} {ergonomic}
     uint ConcGCThreads                            = 2                                         {product} {ergonomic}
     uint G1ConcRefinementThreads                  = 8                                         {product} {ergonomic}
   size_t G1HeapRegionSize                         = 1048576                                   {product} {ergonomic}
    uintx GCDrainStackTargetSize                   = 64                                        {product} {ergonomic}
   size_t InitialHeapSize                          = 266338304                                 {product} {ergonomic}
   size_t MarkStackSize                            = 4194304                                   {product} {ergonomic}
   size_t MaxHeapSize                              = 4234149888                                {product} {ergonomic}
   size_t MinHeapDeltaBytes                        = 1048576                                   {product} {ergonomic}
    uintx NonNMethodCodeHeapSize                   = 5836300                                {pd product} {ergonomic}
    uintx NonProfiledCodeHeapSize                  = 122910970                              {pd product} {ergonomic}
    uintx ProfiledCodeHeapSize                     = 122910970                              {pd product} {ergonomic}
    uintx ReservedCodeCacheSize                    = 251658240                              {pd product} {ergonomic}
     bool SegmentedCodeCache                       = true                                      {product} {ergonomic}
     bool UseCompressedClassPointers               = true                                 {lp64_product} {ergonomic}
     bool UseCompressedOops                        = true                                 {lp64_product} {ergonomic}
     bool UseG1GC                                  = true                                      {product} {ergonomic}
     bool UseLargePagesIndividualAllocation        = false                                  {pd product} {ergonomic}

Logging:
Log output configuration:
 #0: stdout all=warning uptime,level,tags
 #1: stderr all=off uptime,level,tags

Environment Variables:
JAVA_HOME=C:\Program Files\Java\jdk-11
PATH=C:\Program Files\Common Files\Oracle\Java\javapath;C:\Program Files\Python311\Scripts\;C:\Program Files\Python311\;C:\windows\system32;C:\windows;C:\windows\System32\Wbem;C:\windows\System32\WindowsPowerShell\v1.0\;C:\windows\System32\OpenSSH\;C:\Program Files (x86)\NVIDIA Corporation\PhysX\Common;C:\Program Files\NVIDIA Corporation\NVIDIA NvDLISR;C:\Program Files\Microsoft VS Code\bin;C:\MinGW\bin;C:\WINDOWS\system32;C:\WINDOWS;C:\WINDOWS\System32\Wbem;C:\WINDOWS\System32\WindowsPowerShell\v1.0\;C:\WINDOWS\System32\OpenSSH\;C:\Program Files\Java\jdk1.8.0_311\bin;C:\Program Files\MySQL\MySQL Server 8.0\bin;C:\Program Files\Git\cmd;C:\Program Files\Java\jdk-11\bin;C:\Program Files\Microsoft SQL Server\150\Tools\Binn\;C:\Program Files\Microsoft SQL Server\Client SDK\ODBC\170\Tools\Binn\;C:\Program Files\dotnet\;C:\Users\Admin\.dotnet\tools
USERNAME=Admin
OS=Windows_NT
PROCESSOR_IDENTIFIER=Intel64 Family 6 Model 140 Stepping 1, GenuineIntel



---------------  S Y S T E M  ---------------

OS: Windows 11 , 64 bit Build 22621 (10.0.22621.3527)

CPU:total 8 (initial active 8) (4 cores per cpu, 2 threads per core) family 6 model 140 stepping 1 microcode 0xac, cmov, cx8, fxsr, mmx, sse, sse2, sse3, ssse3, sse4.1, sse4.2, popcnt, avx, avx2, aes, clmul, erms, 3dnowpref, lzcnt, ht, tsc, tscinvbit, bmi1, bmi2, adx, evex, sha, fma

Memory: 4k page, system-wide physical 16149M (6927M free)
TotalPageFile size 16149M (AvailPageFile size 98M)
current process WorkingSet (physical memory assigned to process): 11M, peak: 11M
current process commit charge ("private bytes"): 60M, peak: 314M

vm_info: Java HotSpot(TM) 64-Bit Server VM (11.0.20+9-LTS-256) for windows-amd64 JRE (11.0.20+9-LTS-256), built on Jun 14 2023 10:34:22 by "mach5one" with MS VC++ 17.1 (VS2022)

END.
